Sauce Cypress Runner 7.1.1

Couldn't determine Mocha version
Warning: We failed to trash the existing run results.

This error will not alter the exit code.

Error: Command failed: D:\sauce-cypress-runner\7.1.1\bundle\Cache\7.3.0\Cypress\resources\app\packages\server\node_modules\trash\lib\win-trash.exe c:\chef\payload\__project__\__assets__\example.test.js.xml

    at ChildProcess.exithandler (child_process.js:317:12)
    at ChildProcess.emit (events.js:315:20)
    at maybeClose (internal/child_process.js:1048:16)
    at Process.ChildProcess._handle.onexit (internal/child_process.js:288:5)


====================================================================================================

  (Run Starting)

  ┌────────────────────────────────────────────────────────────────────────────────────────────────┐
  │ Cypress:    7.3.0                                                                              │
  │ Browser:    Custom Chrome 91                                                                   │
  │ Specs:      2 found (example.test.js, login.spec.js)                                           │
  └────────────────────────────────────────────────────────────────────────────────────────────────┘


────────────────────────────────────────────────────────────────────────────────────────────────────
                                                                                                    
  Running:  example.test.js                                                                 (1 of 2)

  (Results)

  ┌────────────────────────────────────────────────────────────────────────────────────────────────┐
  │ Tests:        1                                                                                │
  │ Passing:      1                                                                                │
  │ Failing:      0                                                                                │
  │ Pending:      0                                                                                │
  │ Skipped:      0                                                                                │
  │ Screenshots:  0                                                                                │
  │ Video:        false                                                                            │
  │ Duration:     12 seconds                                                                       │
  │ Spec Ran:     example.test.js                                                                  │
  └────────────────────────────────────────────────────────────────────────────────────────────────┘


────────────────────────────────────────────────────────────────────────────────────────────────────
                                                                                                    
  Running:  login.spec.js                                                                   (2 of 2)

  (Results)

  ┌────────────────────────────────────────────────────────────────────────────────────────────────┐
  │ Tests:        3                                                                                │
  │ Passing:      3                                                                                │
  │ Failing:      0                                                                                │
  │ Pending:      0                                                                                │
  │ Skipped:      0                                                                                │
  │ Screenshots:  0                                                                                │
  │ Video:        false                                                                            │
  │ Duration:     2 seconds                                                                        │
  │ Spec Ran:     login.spec.js                                                                    │
  └────────────────────────────────────────────────────────────────────────────────────────────────┘


====================================================================================================

  (Run Finished)


       Spec                                              Tests  Passing  Failing  Pending  Skipped  
  ┌────────────────────────────────────────────────────────────────────────────────────────────────┐
  │ √  example.test.js                          00:12        1        1        -        -        - │
  ├────────────────────────────────────────────────────────────────────────────────────────────────┤
  │ √  login.spec.js                            00:02        3        3        -        -        - │
  └────────────────────────────────────────────────────────────────────────────────────────────────┘
    √  All specs passed!                        00:15        4        4        -        -        -  

